â–˛ Next.js 16.1.6 (Turbopack)
- Environments: .env

  Creating an optimized production build ...
Turbopack build encountered 1 warnings:
./lib/push/web-push.ts:24:21
Module not found: Can't resolve 'web-push'
[0m [90m 22 |[39m     [90m// Use dynamic require to avoid build errors when web-push isn't installed[39m
 [90m 23 |[39m     [90m// eslint-disable-next-line @typescript-eslint/no-var-requires[39m
[31m[1m>[22m[39m[90m 24 |[39m     [36mconst[39m webpush [33m=[39m require([32m"web-push"[39m)[33m;[39m
 [90m    |[39m                     [31m[1m^[22m[39m[31m[1m^[22m[39m[31m[1m^[22m[39m[31m[1m^[22m[39m[31m[1m^[22m[39m[31m[1m^[22m[39m[31m[1m^[22m[39m[31m[1m^[22m[39m[31m[1m^[22m[39m[31m[1m^[22m[39m[31m[1m^[22m[39m[31m[1m^[22m[39m[31m[1m^[22m[39m[31m[1m^[22m[39m[31m[1m^[22m[39m[31m[1m^[22m[39m[31m[1m^[22m[39m[31m[1m^[22m[39m[31m[1m^[22m[39m
 [90m 25 |[39m     webpush[33m.[39msetVapidDetails(
 [90m 26 |[39m       process[33m.[39menv[33m.[39m[33mVAPID_SUBJECT[39m [33m||[39m [32m"mailto:info@lalunarprinting.com"[39m[33m,[39m
 [90m 27 |[39m       [33mVAPID_PUBLIC_KEY[39m[33m,[39m[0m



Import trace:
  App Route:
    ./lib/push/web-push.ts
    ./lib/notifications/order-notifications.ts
    ./app/api/admin/orders/[id]/route.ts

https://nextjs.org/docs/messages/module-not-found


âś“ Compiled successfully in 10.5s
  Running TypeScript ...
  Collecting page data using 7 workers ...
  Generating static pages using 7 workers (0/209) ...
  Generating static pages using 7 workers (52/209) 
  Generating static pages using 7 workers (104/209) 
  Generating static pages using 7 workers (156/209) 
âś“ Generating static pages using 7 workers (209/209) in 1910.2ms
  Finalizing page optimization ...

Route (app)
â”Ś Ć’ /
â”ś Ć’ /_not-found
â”ś Ć’ /about
â”ś Ć’ /account
â”ś Ć’ /account/addresses
â”ś Ć’ /account/favorites
â”ś Ć’ /account/orders
â”ś Ć’ /account/orders/[id]
â”ś Ć’ /account/profile
â”ś Ć’ /account/support
â”ś Ć’ /account/support/[id]
â”ś Ć’ /account/templates
â”ś Ć’ /account/templates/[id]
â”ś Ć’ /admin
â”ś Ć’ /admin/analytics
â”ś Ć’ /admin/api-keys
â”ś Ć’ /admin/b2b
â”ś Ć’ /admin/catalog
â”ś Ć’ /admin/catalog-ops
â”ś Ć’ /admin/content
â”ś Ć’ /admin/coupons
â”ś Ć’ /admin/coupons/[id]
â”ś Ć’ /admin/customers
â”ś Ć’ /admin/customers/[email]
â”ś Ć’ /admin/factories
â”ś Ć’ /admin/funnel
â”ś Ć’ /admin/inventory
â”ś Ć’ /admin/login
â”ś Ć’ /admin/logs
â”ś Ć’ /admin/materials
â”ś Ć’ /admin/media
â”ś Ć’ /admin/orders
â”ś Ć’ /admin/orders/[id]
â”ś Ć’ /admin/pricing
â”ś Ć’ /admin/production
â”ś Ć’ /admin/production/[id]
â”ś Ć’ /admin/production/board
â”ś Ć’ /admin/production/rules
â”ś Ć’ /admin/products
â”ś Ć’ /admin/products/[id]
â”ś Ć’ /admin/qc
â”ś Ć’ /admin/reports/production
â”ś Ć’ /admin/reports/sales
â”ś Ć’ /admin/reviews
â”ś Ć’ /admin/settings
â”ś Ć’ /admin/support
â”ś Ć’ /admin/support/[id]
â”ś Ć’ /admin/users
â”ś Ć’ /api/account/addresses
â”ś Ć’ /api/account/addresses/[id]
â”ś Ć’ /api/account/orders
â”ś Ć’ /api/account/orders/[id]
â”ś Ć’ /api/account/orders/[id]/invoice
â”ś Ć’ /api/account/orders/[id]/proofs
â”ś Ć’ /api/account/orders/[id]/reorder
â”ś Ć’ /api/account/profile
â”ś Ć’ /api/account/sms-preferences
â”ś Ć’ /api/account/templates
â”ś Ć’ /api/account/templates/[id]
â”ś Ć’ /api/account/templates/[id]/reorder
â”ś Ć’ /api/admin/analytics
â”ś Ć’ /api/admin/analytics/funnel
â”ś Ć’ /api/admin/api-keys
â”ś Ć’ /api/admin/assets
â”ś Ć’ /api/admin/assets/[id]
â”ś Ć’ /api/admin/assets/[id]/links
â”ś Ć’ /api/admin/assets/check-hash
â”ś Ć’ /api/admin/assets/orphans
â”ś Ć’ /api/admin/b2b
â”ś Ć’ /api/admin/b2b/[id]
â”ś Ć’ /api/admin/b2b/invites
â”ś Ć’ /api/admin/catalog
â”ś Ć’ /api/admin/coupons
â”ś Ć’ /api/admin/coupons/[id]
â”ś Ć’ /api/admin/customers
â”ś Ć’ /api/admin/customers/[email]
â”ś Ć’ /api/admin/debug-env
â”ś Ć’ /api/admin/factories
â”ś Ć’ /api/admin/factories/[id]
â”ś Ć’ /api/admin/hardware
â”ś Ć’ /api/admin/inventory
â”ś Ć’ /api/admin/login
â”ś Ć’ /api/admin/logs
â”ś Ć’ /api/admin/materials
â”ś Ć’ /api/admin/materials/formula
â”ś Ć’ /api/admin/materials/ink-settings
â”ś Ć’ /api/admin/media
â”ś Ć’ /api/admin/media/health
â”ś Ć’ /api/admin/orders
â”ś Ć’ /api/admin/orders/[id]
â”ś Ć’ /api/admin/orders/[id]/notes
â”ś Ć’ /api/admin/orders/[id]/preflight
â”ś Ć’ /api/admin/orders/[id]/proofs
â”ś Ć’ /api/admin/orders/[id]/refund
â”ś Ć’ /api/admin/orders/[id]/ship
â”ś Ć’ /api/admin/orders/[id]/timeline
â”ś Ć’ /api/admin/orders/bulk-export
â”ś Ć’ /api/admin/orders/bulk-update
â”ś Ć’ /api/admin/password
â”ś Ć’ /api/admin/pricing
â”ś Ć’ /api/admin/pricing/[id]
â”ś Ć’ /api/admin/pricing/anomalies
â”ś Ć’ /api/admin/pricing/assign
â”ś Ć’ /api/admin/pricing/bulk-adjust
â”ś Ć’ /api/admin/pricing/bulk-adjust/rollback
â”ś Ć’ /api/admin/production
â”ś Ć’ /api/admin/production/[id]
â”ś Ć’ /api/admin/production/board
â”ś Ć’ /api/admin/production/bulk-update
â”ś Ć’ /api/admin/production/rules
â”ś Ć’ /api/admin/production/rules/[id]
â”ś Ć’ /api/admin/products
â”ś Ć’ /api/admin/products/[id]
â”ś Ć’ /api/admin/products/[id]/images
â”ś Ć’ /api/admin/products/[id]/workflow
â”ś Ć’ /api/admin/products/checklist
â”ś Ć’ /api/admin/products/export
â”ś Ć’ /api/admin/products/import
â”ś Ć’ /api/admin/qc
â”ś Ć’ /api/admin/qc/[id]
â”ś Ć’ /api/admin/reports/production
â”ś Ć’ /api/admin/reports/sales
â”ś Ć’ /api/admin/reviews
â”ś Ć’ /api/admin/search
â”ś Ć’ /api/admin/session
â”ś Ć’ /api/admin/settings
â”ś Ć’ /api/admin/setup
â”ś Ć’ /api/admin/stats
â”ś Ć’ /api/admin/support
â”ś Ć’ /api/admin/support/[id]
â”ś Ć’ /api/admin/users
â”ś Ć’ /api/admin/users/[id]
â”ś Ć’ /api/auth/forgot-password
â”ś Ć’ /api/auth/login
â”ś Ć’ /api/auth/logout
â”ś Ć’ /api/auth/me
â”ś Ć’ /api/auth/reset-password
â”ś Ć’ /api/auth/signup
â”ś Ć’ /api/auth/verify-email
â”ś Ć’ /api/cart/recover/[token]
â”ś Ć’ /api/cart/sync
â”ś Ć’ /api/checkout
â”ś Ć’ /api/checkout/interac
â”ś Ć’ /api/checkout/invoice
â”ś Ć’ /api/contact
â”ś Ć’ /api/cron/abandoned-carts
â”ś Ć’ /api/editor/render
â”ś Ć’ /api/invite/[token]
â”ś Ć’ /api/order-status
â”ś Ć’ /api/partner
â”ś Ć’ /api/product-image/[slug]
â”ś Ć’ /api/products/[category]/[slug]
â”ś Ć’ /api/products/suggestions
â”ś Ć’ /api/promo/validate
â”ś Ć’ /api/push/subscribe
â”ś Ć’ /api/push/unsubscribe
â”ś Ć’ /api/quote
â”ś Ć’ /api/quote/submit
â”ś Ć’ /api/reviews
â”ś Ć’ /api/reviews/submit
â”ś Ć’ /api/search
â”ś Ć’ /api/support
â”ś Ć’ /api/support/[id]
â”ś Ć’ /api/support/[id]/messages
â”ś Ć’ /api/track-order
â”ś Ć’ /api/uploadthing
â”ś Ć’ /api/v1/orders
â”ś Ć’ /api/v1/orders/[id]
â”ś Ć’ /api/v1/products
â”ś Ć’ /api/v1/products/[slug]/quote
â”ś Ć’ /api/version
â”ś Ć’ /api/webhook
â”ś Ć’ /artwork-guidelines
â”ś Ć’ /cancel
â”ś Ć’ /cart/recover/[token]
â”ś Ć’ /checkout/interac
â”ś Ć’ /contact
â”ś Ć’ /design-services
â”ś Ć’ /design/[product]
â”ś Ć’ /faq
â”ś Ć’ /forgot-password
â”ś Ć’ /ideas
â”ś Ć’ /ideas/[slug]
â”ś Ć’ /invite/[token]
â”ś Ć’ /login
â”ś Ć’ /order/a-frame-signs
â”ś Ć’ /order/acrylic-signs
â”ś Ć’ /order/aluminum-signs
â”ś Ć’ /order/backdrops
â”ś Ć’ /order/booklets
â”ś Ć’ /order/bookmarks
â”ś Ć’ /order/brochures
â”ś Ć’ /order/business-cards
â”ś Ć’ /order/calendars
â”ś Ć’ /order/canvas-prints
â”ś Ć’ /order/certificates
â”ś Ć’ /order/coupons
â”ś Ć’ /order/decals
â”ś Ć’ /order/door-hangers
â”ś Ć’ /order/envelopes
â”ś Ć’ /order/fabric-banners
â”ś Ć’ /order/flags
â”ś Ć’ /order/flyers
â”ś Ć’ /order/foam-board-signs
â”ś Ć’ /order/greeting-cards
â”ś Ć’ /order/industrial-labels
â”ś Ć’ /order/inserts-packaging
â”ś Ć’ /order/invitation-cards
â”ś Ć’ /order/letterhead
â”ś Ć’ /order/loyalty-cards
â”ś Ć’ /order/magnetic-signs
â”ś Ć’ /order/marketing-print
â”ś Ć’ /order/menus
â”ś Ć’ /order/mesh-banners
â”ś Ć’ /order/ncr
â”ś Ć’ /order/notepads
â”ś Ć’ /order/order-forms
â”ś Ć’ /order/postcards
â”ś Ć’ /order/posters
â”ś Ć’ /order/presentation-folders
â”ś Ć’ /order/pvc-signs
â”ś Ć’ /order/rack-cards
â”ś Ć’ /order/retail-tags
â”ś Ć’ /order/retractable-stands
â”ś Ć’ /order/safety-labels
â”ś Ć’ /order/shelf-displays
â”ś Ć’ /order/stamps
â”ś Ć’ /order/stickers
â”ś Ć’ /order/table-tents
â”ś Ć’ /order/tabletop-displays
â”ś Ć’ /order/tags
â”ś Ć’ /order/tickets
â”ś Ć’ /order/vehicle-decals
â”ś Ć’ /order/vehicle-wraps
â”ś Ć’ /order/vinyl-banners
â”ś Ć’ /order/vinyl-lettering
â”ś Ć’ /order/waivers-releases
â”ś Ć’ /order/wall-floor-graphics
â”ś Ć’ /order/window-films
â”ś Ć’ /order/x-banner-stands
â”ś Ć’ /order/yard-signs
â”ś Ć’ /partner
â”ś Ć’ /pricing
â”ś Ć’ /privacy
â”ś Ć’ /quote
â”ś Ć’ /quote/print
â”ś Ć’ /refund-policy
â”ś Ć’ /reset-password
â”ś Ć’ /returns
â”ś â—‹ /robots.txt
â”ś Ć’ /shop
â”ś Ć’ /shop/[category]
â”ś Ć’ /shop/[category]/[product]
â”ś Ć’ /shop/industry/[tag]
â”ś Ć’ /signup
â”ś â—‹ /sitemap.xml
â”ś Ć’ /success
â”ś Ć’ /terms
â”ś Ć’ /track-order
â”ś Ć’ /verify-email
â”” Ć’ /wholesale


Ć’ Proxy (Middleware)

â—‹  (Static)   prerendered as static content
Ć’  (Dynamic)  server-rendered on demand

